@!@!@STARTMSG 2262:0 @!@!@
TLC2 Version 2.16 of 31 December 2020 (rev: cdddf55)
@!@!@ENDMSG 2262 @!@!@
@!@!@STARTMSG 2187:0 @!@!@
Running breadth-first search Model-Checking with fp 122 and seed -9176904896020590936 with 10 workers on 20 cores with 2405MB heap and 5408MB offheap memory [pid: 22780] (Windows 10 10.0 amd64, AdoptOpenJDK 14.0.1 x86_64, OffHeapDiskFPSet, DiskStateQueue).
@!@!@ENDMSG 2187 @!@!@
@!@!@STARTMSG 2220:0 @!@!@
Starting SANY...
@!@!@ENDMSG 2220 @!@!@
Parsing file C:\Users\Dach-\Documents\GitHub\Universita\PCD\pcd-2022-2023\tla+-specs\step5_prodcons.toolbox\Model_1\MC.tla
Parsing file C:\Users\Dach-\Documents\GitHub\Universita\PCD\pcd-2022-2023\tla+-specs\step5_prodcons.toolbox\Model_1\step5_prodcons.tla
Parsing file C:\Users\Dach-\Downloads\TLAToolbox-1.7.1-win32.win32.x86_64\toolbox\plugins\org.lamport.tlatools_1.0.0.202012311918\tla2sany\StandardModules\TLC.tla
Parsing file C:\Users\Dach-\Downloads\TLAToolbox-1.7.1-win32.win32.x86_64\toolbox\plugins\org.lamport.tlatools_1.0.0.202012311918\tla2sany\StandardModules\Integers.tla
Parsing file C:\Users\Dach-\Downloads\TLAToolbox-1.7.1-win32.win32.x86_64\toolbox\plugins\org.lamport.tlatools_1.0.0.202012311918\tla2sany\StandardModules\Sequences.tla
Parsing file C:\Users\Dach-\Downloads\TLAToolbox-1.7.1-win32.win32.x86_64\toolbox\plugins\org.lamport.tlatools_1.0.0.202012311918\tla2sany\StandardModules\Naturals.tla
Parsing file C:\Users\Dach-\Downloads\TLAToolbox-1.7.1-win32.win32.x86_64\toolbox\plugins\org.lamport.tlatools_1.0.0.202012311918\tla2sany\StandardModules\FiniteSets.tla
Semantic processing of module Naturals
Semantic processing of module Sequences
Semantic processing of module FiniteSets
Semantic processing of module TLC
Semantic processing of module Integers
Semantic processing of module step5_prodcons
Semantic processing of module MC
@!@!@STARTMSG 2219:0 @!@!@
SANY finished.
@!@!@ENDMSG 2219 @!@!@
@!@!@STARTMSG 2185:0 @!@!@
Starting... (2023-04-08 11:53:26)
@!@!@ENDMSG 2185 @!@!@
@!@!@STARTMSG 2189:0 @!@!@
Computing initial states...
@!@!@ENDMSG 2189 @!@!@
@!@!@STARTMSG 2190:0 @!@!@
Finished computing initial states: 1 distinct state generated at 2023-04-08 11:53:27.
@!@!@ENDMSG 2190 @!@!@
@!@!@STARTMSG 1000:1 @!@!@
TLC threw an unexpected exception.
This was probably caused by an error in the spec or model.
See the User Output or TLC Console for clues to what happened.
The exception was a java.lang.RuntimeException
: TLC encountered a non-enumerable quantifier bound
<<>>.
line 22, col 47 to line 22, col 76 of module step5_prodcons
@!@!@ENDMSG 1000 @!@!@
@!@!@STARTMSG 2121:1 @!@!@
The behavior up to this point is:
@!@!@ENDMSG 2121 @!@!@
@!@!@STARTMSG 2217:4 @!@!@
1: <Initial predicate>
/\ buffer = <<>>
/\ writers = << FALSE,
   FALSE,
   FALSE,
   FALSE,
   FALSE,
   FALSE,
   FALSE,
   FALSE,
   FALSE,
   FALSE,
   FALSE,
   FALSE,
   FALSE,
   FALSE,
   FALSE,
   FALSE,
   FALSE,
   FALSE,
   FALSE,
   FALSE >>
/\ readers = << FALSE,
   FALSE,
   FALSE,
   FALSE,
   FALSE,
   FALSE,
   FALSE,
   FALSE,
   FALSE,
   FALSE,
   FALSE,
   FALSE,
   FALSE,
   FALSE,
   FALSE,
   FALSE,
   FALSE,
   FALSE,
   FALSE,
   FALSE >>

@!@!@ENDMSG 2217 @!@!@
@!@!@STARTMSG 2103:1 @!@!@
The error occurred when TLC was evaluating the nested
expressions at the following positions:
0. Line 22, column 18 to line 27, column 38 in step5_prodcons
1. Line 22, column 21 to line 27, column 38 in step5_prodcons
2. Line 22, column 36 to line 27, column 38 in step5_prodcons


@!@!@ENDMSG 2103 @!@!@
@!@!@STARTMSG 2201:0 @!@!@
The coverage statistics at 2023-04-08 11:53:27
@!@!@ENDMSG 2201 @!@!@
@!@!@STARTMSG 2773:0 @!@!@
<Init line 18, col 1 to line 18, col 4 of module step5_prodcons>: 1:1
@!@!@ENDMSG 2773 @!@!@
@!@!@STARTMSG 2221:0 @!@!@
  line 18, col 9 to line 20, col 43 of module step5_prodcons: 1
@!@!@ENDMSG 2221 @!@!@
@!@!@STARTMSG 2772:0 @!@!@
<NextReader line 22, col 1 to line 22, col 13 of module step5_prodcons>: 0:0
@!@!@ENDMSG 2772 @!@!@
@!@!@STARTMSG 2221:0 @!@!@
  line 25, col 22 to line 25, col 60 of module step5_prodcons: 0
@!@!@ENDMSG 2221 @!@!@
@!@!@STARTMSG 2221:0 @!@!@
  line 26, col 22 to line 26, col 60 of module step5_prodcons: 0
@!@!@ENDMSG 2221 @!@!@
@!@!@STARTMSG 2221:0 @!@!@
  line 27, col 22 to line 27, col 38 of module step5_prodcons: 0
@!@!@ENDMSG 2221 @!@!@
@!@!@STARTMSG 2221:0 @!@!@
  line 22, col 47 to line 22, col 76 of module step5_prodcons: 2
@!@!@ENDMSG 2221 @!@!@
@!@!@STARTMSG 2221:0 @!@!@
  line 22, col 30 to line 22, col 33 of module step5_prodcons: 2
@!@!@ENDMSG 2221 @!@!@
@!@!@STARTMSG 2772:0 @!@!@
<NextWriter line 29, col 1 to line 29, col 13 of module step5_prodcons>: 0:0
@!@!@ENDMSG 2772 @!@!@
@!@!@STARTMSG 2221:0 @!@!@
  line 30, col 22 to line 30, col 60 of module step5_prodcons: 0
@!@!@ENDMSG 2221 @!@!@
@!@!@STARTMSG 2221:0 @!@!@
  line 31, col 22 to line 31, col 61 of module step5_prodcons: 0
@!@!@ENDMSG 2221 @!@!@
@!@!@STARTMSG 2221:0 @!@!@
  line 32, col 22 to line 32, col 38 of module step5_prodcons: 0
@!@!@ENDMSG 2221 @!@!@
@!@!@STARTMSG 2202:0 @!@!@
End of statistics.
@!@!@ENDMSG 2202 @!@!@
@!@!@STARTMSG 2200:0 @!@!@
Progress(1) at 2023-04-08 11:53:27: 1 states generated (34 s/min), 1 distinct states found (34 ds/min), 0 states left on queue.
@!@!@ENDMSG 2200 @!@!@
@!@!@STARTMSG 2199:0 @!@!@
1 states generated, 1 distinct states found, 0 states left on queue.
@!@!@ENDMSG 2199 @!@!@
@!@!@STARTMSG 2186:0 @!@!@
Finished in 1730ms at (2023-04-08 11:53:27)
@!@!@ENDMSG 2186 @!@!@
