@!@!@STARTMSG 2262:0 @!@!@
TLC2 Version 2.16 of 31 December 2020 (rev: cdddf55)
@!@!@ENDMSG 2262 @!@!@
@!@!@STARTMSG 2187:0 @!@!@
Running breadth-first search Model-Checking with fp 46 and seed -6379675141243197765 with 10 workers on 20 cores with 7212MB heap and 64MB offheap memory [pid: 21260] (Windows 10 10.0 amd64, AdoptOpenJDK 14.0.1 x86_64, NoopFPSet, DiskStateQueue).
@!@!@ENDMSG 2187 @!@!@
@!@!@STARTMSG 2220:0 @!@!@
Starting SANY...
@!@!@ENDMSG 2220 @!@!@
Parsing file C:\Users\Dach-\Documents\GitHub\Universita\PCD\pcd-2022-2023\tla+-specs\step5_prodcons.toolbox\Model_1\MC.tla
Parsing file C:\Users\Dach-\Documents\GitHub\Universita\PCD\pcd-2022-2023\tla+-specs\step5_prodcons.toolbox\Model_1\step5_prodcons.tla

Unrecoverable error:
 -- Expected "=" or "\in"  but found "("
    line 26, column 22.


Fatal errors while parsing TLA+ spec in file MC

java.lang.IllegalArgumentException: fromIndex(53) > toIndex(-1)
@!@!@STARTMSG 2219:0 @!@!@
SANY finished.
@!@!@ENDMSG 2219 @!@!@
@!@!@STARTMSG 2185:0 @!@!@
Starting... (2023-04-08 12:58:58)
@!@!@ENDMSG 2185 @!@!@
@!@!@STARTMSG 2171:1 @!@!@
Parsing or semantic analysis failed. Module-Table lookup failure for module name MC derived from MC file name.
@!@!@ENDMSG 2171 @!@!@
@!@!@STARTMSG 2186:0 @!@!@
Finished in 284ms at (2023-04-08 12:58:58)
@!@!@ENDMSG 2186 @!@!@
