@!@!@STARTMSG 2262:0 @!@!@
TLC2 Version 2.16 of 31 December 2020 (rev: cdddf55)
@!@!@ENDMSG 2262 @!@!@
@!@!@STARTMSG 2187:0 @!@!@
Running breadth-first search Model-Checking with fp 32 and seed 103917493827484697 with 10 workers on 20 cores with 2405MB heap and 5408MB offheap memory [pid: 106836] (Windows 10 10.0 amd64, AdoptOpenJDK 14.0.1 x86_64, OffHeapDiskFPSet, DiskStateQueue).
@!@!@ENDMSG 2187 @!@!@
@!@!@STARTMSG 2220:0 @!@!@
Starting SANY...
@!@!@ENDMSG 2220 @!@!@
Parsing file C:\Users\Dach-\Documents\GitHub\Universita\PCD\pcd-2022-2023\tla+-specs\step5_prodcons.toolbox\Model_1\MC.tla
Parsing file C:\Users\Dach-\Documents\GitHub\Universita\PCD\pcd-2022-2023\tla+-specs\step5_prodcons.toolbox\Model_1\step5_prodcons.tla
Warning: symbols were renamed.
Parsing file C:\Users\Dach-\Downloads\TLAToolbox-1.7.1-win32.win32.x86_64\toolbox\plugins\org.lamport.tlatools_1.0.0.202012311918\tla2sany\StandardModules\TLC.tla
Parsing file C:\Users\Dach-\Downloads\TLAToolbox-1.7.1-win32.win32.x86_64\toolbox\plugins\org.lamport.tlatools_1.0.0.202012311918\tla2sany\StandardModules\Integers.tla
Parsing file C:\Users\Dach-\Downloads\TLAToolbox-1.7.1-win32.win32.x86_64\toolbox\plugins\org.lamport.tlatools_1.0.0.202012311918\tla2sany\StandardModules\Sequences.tla
Parsing file C:\Users\Dach-\Downloads\TLAToolbox-1.7.1-win32.win32.x86_64\toolbox\plugins\org.lamport.tlatools_1.0.0.202012311918\tla2sany\StandardModules\Naturals.tla
Parsing file C:\Users\Dach-\Downloads\TLAToolbox-1.7.1-win32.win32.x86_64\toolbox\plugins\org.lamport.tlatools_1.0.0.202012311918\tla2sany\StandardModules\FiniteSets.tla
Semantic processing of module Naturals
Semantic processing of module Sequences
Semantic processing of module FiniteSets
Semantic processing of module TLC
Semantic processing of module Integers
Semantic processing of module step5_prodcons
Semantic processing of module MC
@!@!@STARTMSG 2219:0 @!@!@
SANY finished.
@!@!@ENDMSG 2219 @!@!@
@!@!@STARTMSG 2185:0 @!@!@
Starting... (2023-04-03 15:28:22)
@!@!@ENDMSG 2185 @!@!@
@!@!@STARTMSG 2189:0 @!@!@
Computing initial states...
@!@!@ENDMSG 2189 @!@!@
@!@!@STARTMSG 2190:0 @!@!@
Finished computing initial states: 1 distinct state generated at 2023-04-03 15:28:23.
@!@!@ENDMSG 2190 @!@!@
"item"
"item"
"item"
"item"
"item"
"item"
"item"
"item"
"item"
"item"
"item"
"item"
"item"
"item"
"item"
"item"
"item"
"item"
"item"
"item"
"item"
"item"
"item"
"item"
"item"
"item"
"item"
"item"
"item"
"item"
"item"
"item"
"item"
"item"
"item"
"item"
"item"
"item"
"item"
"item"
"item"
"item"
"item"
"item"
"item"
"item"
"item"
"item"
"item"
"item"
"item"
"item"
"item"
"item"
"item"
"item"
"item"
"item"
"item"
"item"
"item"
"item"
"item"
"item"
"item"
"item"
"item"
"item"
"item"
"item"
"item"
"item"
"item"
"item"
"item"
"item"
"item"
"item"
"item"
"item"
"item"
"item"
"item"
"item"
"item"
"item"
"item"
"item"
"item"
"item"
"item"
"item"
"item"
"item"
"item"
"item"
"item"
"item"
"item"
"item"
"item"
"item"
"item"
"item"
"item"
"item"
"item"
"item"
"item"
"item"
"item"
"item"
"item"
"item"
"item"
"item"
"item"
"item"
"item"
"item"
"item"
"item"
"item"
"item"
"item"
"item"
"item"
"item"
"item"
"item"
"item"
"item"
"item"
"item"
"item"
"item"
"item"
"item"
"item"
"item"
"item"
"item"
"item"
"item"
"item"
"item"
"item"
"item"
"item"
"item"
"item"
"item"
"item"
"item"
"item"
"item"
"item"
"item"
"item"
"item"
"item"
"item"
"item"
"item"
"item"
"item"
"item"
"item"
"item"
"item"
"item"
"item"
"item"
"item"
"item"
"item"
"item"
"item"
"item"
"item"
"item"
"item"
"item"
"item"
"item"
"item"
"item"
"item"
"item"
"item"
"item"
"item"
"item"
"item"
"item"
"item"
"item"
"item"
"item"
"item"
"item"
"item"
"item"
"item"
"item"
"item"
"item"
"item"
"item"
"item"
"item"
"item"
"item"
"item"
"item"
"item"
"item"
"item"
"item"
"item"
"item"
"item"
"item"
"item"
"item"
"item"
"item"
"item"
"item"
"item"
"item"
"item"
"item"
"item"
"item"
"item"
"item"
"item"
"item"
"item"
"item"
"item"
"item"
"item"
"item"
"item"
"item"
"item"
"item"
"item"
"item"
"item"
"item"
"item"
"item"
"item"
"item"
"item"
"item"
"item"
"item"
"item"
"item"
"item"
"item"
"item"
"item"
"item"
"item"
"item"
"item"
"item"
"item"
"item"
"item"
"item"
"item"
"item"
"item"
"item"
"item"
"item"
"item"
"item"
"item"
"item"
"item"
"item"
"item"
"item"
"item"
"item"
"item"
"item"
"item"
"item"
"item"
"item"
"item"
"item"
"item"
"item"
"item"
"item"
"item"
"item"
"item"
"item"
"item"
"item"
"item"
"item"
"item"
"item"
"item"
"item"
"item"
"item"
"item"
"item"
"item"
"item"
"item"
"item"
"item"
"item"
"item"
"item"
"item"
"item"
"item"
"item"
"item"
"item"
"item"
"item"
"item"
"item"
"item"
"item"
"item"
"item"
"item"
"item"
"item"
"item"
"item"
"item"
"item"
"item"
"item"
"item"
"item"
"item"
"item"
"item"
"item"
"item"
"item"
"item"
"item"
"item"
"item"
"item"
"item"
"item"
"item"
"item"
"item"
"item"
"item"
"item"
"item"
"item"
"item"
"item"
"item"
"item"
"item"
"item"
"item"
"item"
"item"
"item"
"item"
"item"
"item"
"item"
"item"
"item"
"item"
"item"
"item"
"item"
"item"
"item"
"item"
"item"
"item"
"item"
"item"
"item"
"item"
"item"
"item"
"item"
"item"
"item"
"item"
"item"
"item"
"item"
"item"
"item"
"item"
"item"
"item"
"item"
"item"
"item"
"item"
"item"
"item"
"item"
"item"
"item"
"item"
"item"
"item"
"item"
"item"
"item"
"item"
"item"
"item"
"item"
"item"
"item"
"item"
"item"
"item"
"item"
"item"
"item"
"item"
"item"
"item"
"item"
"item"
"item"
"item"
"item"
"item"
"item"
"item"
"item"
"item"
"item"
"item"
"item"
"item"
"item"
"item"
"item"
"item"
"item"
"item"
"item"
"item"
"item"
"item"
"item"
"item"
"item"
"item"
"item"
"item"
"item"
"item"
"item"
"item"
"item"
"item"
"item"
"item"
"item"
"item"
"item"
"item"
"item"
"item"
"item"
"item"
"item"
"item"
"item"
"item"
"item"
"item"
"item"
"item"
"item"
"item"
"item"
"item"
"item"
"item"
"item"
"item"
"item"
"item"
"item"
"item"
"item"
"item"
"item"
"item"
"item"
"item"
"item"
"item"
"item"
"item"
"item"
"item"
"item"
"item"
"item"
"item"
"item"
"item"
"item"
"item"
"item"
"item"
"item"
"item"
"item"
"item"
"item"
"item"
"item"
"item"
"item"
"item"
"item"
"item"
"item"
"item"
"item"
"item"
"item"
"item"
"item"
"item"
"item"
"item"
"item"
"item"
"item"
"item"
"item"
"item"
"item"
"item"
"item"
"item"
"item"
"item"
"item"
"item"
"item"
"item"
"item"
"item"
"item"
"item"
"item"
"item"
"item"
"item"
"item"
"item"
"item"
"item"
"item"
"item"
"item"
"item"
"item"
"item"
"item"
"item"
"item"
"item"
"item"
"item"
"item"
"item"
"item"
"item"
"item"
"item"
"item"
"item"
"item"
"item"
"item"
"item"
"item"
"item"
"item"
"item"
"item"
"item"
"item"
"item"
"item"
"item"
"item"
"item"
"item"
"item"
"item"
"item"
"item"
"item"
"item"
"item"
"item"
"item"
"item"
"item"
"item"
"item"
"item"
"item"
"item"
"item"
"item"
"item"
"item"
"item"
"item"
"item"
"item"
"item"
"item"
"item"
"item"
"item"
"item"
"item"
"item"
"item"
"item"
"item"
"item"
"item"
"item"
"item"
"item"
"item"
"item"
"item"
"item"
"item"
"item"
"item"
"item"
"item"
"item"
"item"
"item"
"item"
"item"
"item"
"item"
"item"
"item"
"item"
"item"
"item"
"item"
"item"
"item"
"item"
"item"
"item"
"item"
"item"
"item"
"item"
"item"
"item"
"item"
"item"
"item"
"item"
"item"
"item"
"item"
"item"
"item"
"item"
"item"
"item"
"item"
"item"
"item"
"item"
"item"
"item"
"item"
"item"
"item"
"item"
"item"
"item"
"item"
"item"
"item"
"item"
"item"
"item"
"item"
"item"
"item"
"item"
"item"
"item"
"item"
"item"
"item"
"item"
"item"
"item"
"item"
"item"
"item"
"item"
"item"
"item"
"item"
"item"
"item"
"item"
"item"
"item"
"item"
"item"
"item"
"item"
"item"
"item"
"item"
"item"
"item"
"item"
"item"
"item"
"item"
"item"
"item"
"item"
"item"
"item"
"item"
"item"
"item"
"item"
"item"
"item"
"item"
"item"
"item"
"item"
"item"
"item"
"item"
"item"
"item"
"item"
"item"
"item"
"item"
"item"
"item"
"item"
"item"
"item"
"item"
"item"
"item"
"item"
"item"
"item"
"item"
"item"
"item"
"item"
"item"
"item"
"item"
"item"
"item"
"item"
"item"
"item"
"item"
"item"
"item"
"item"
"item"
"item"
"item"
"item"
"item"
"item"
"item"
"item"
"item"
"item"
"item"
"item"
"item"
"item"
"item"
"item"
"item"
"item"
"item"
"item"
"item"
"item"
"item"
"item"
"item"
"item"
"item"
"item"
"item"
"item"
"item"
"item"
"item"
"item"
"item"
"item"
"item"
"item"
"item"
"item"
"item"
"item"
"item"
"item"
"item"
"item"
"item"
"item"
"item"
"item"
"item"
"item"
"item"
"item"
"item"
"item"
"item"
"item"
"item"
"item"
"item"
"item"
"item"
"item"
"item"
"item"
"item"
"item"
"item"
"item"
"item"
"item"
"item"
"item"
"item"
"item"
"item"
"item"
"item"
"item"
"item"
"item"
"item"
"item"
"item"
"item"
"item"
"item"
"item"
"item"
"item"
"item"
"item"
"item"
"item"
"item"
"item"
"item"
"item"
"item"
"item"
"item"
"item"
"item"
"item"
"item"
"item"
"item"
"item"
"item"
"item"
"item"
"item"
"item"
"item"
"item"
"item"
"item"
"item"
"item"
"item"
"item"
"item"
"item"
"item"
"item"
"item"
"item"
"item"
"item"
"item"
"item"
"item"
"item"
"item"
"item"
"item"
"item"
"item"
"item"
"item"
"item"
"item"
"item"
"item"
"item"
"item"
"item"
"item"
"item"
"item"
"item"
"item"
"item"
"item"
"item"
"item"
"item"
"item"
"item"
"item"
"item"
"item"
"item"
"item"
"item"
"item"
"item"
"item"
"item"
"item"
"item"
"item"
"item"
"item"
"item"
"item"
"item"
"item"
"item"
"item"
"item"
"item"
"item"
"item"
"item"
"item"
"item"
"item"
"item"
"item"
"item"
"item"
"item"
"item"
"item"
"item"
"item"
"item"
"item"
"item"
"item"
"item"
"item"
"item"
"item"
"item"
"item"
"item"
"item"
"item"
"item"
"item"
"item"
"item"
"item"
"item"
"item"
"item"
"item"
"item"
"item"
"item"
"item"
"item"
"item"
"item"
"item"
"item"
"item"
"item"
"item"
"item"
"item"
"item"
"item"
"item"
"item"
"item"
"item"
"item"
"item"
"item"
"item"
"item"
"item"
"item"
"item"
"item"
"item"
"item"
"item"
"item"
"item"
"item"
"item"
"item"
"item"
"item"
"item"
"item"
"item"
"item"
"item"
"item"
"item"
"item"
"item"
"item"
"item"
"item"
"item"
"item"
"item"
"item"
"item"
"item"
"item"
"item"
"item"
"item"
"item"
"item"
"item"
"item"
"item"
"item"
"item"
"item"
"item"
"item"
"item"
"item"
"item"
"item"
"item"
"item"
"item"
"item"
"item"
"item"
"item"
"item"
"item"
"item"
"item"
"item"
"item"
"item"
"item"
"item"
"item"
"item"
"item"
"item"
"item"
"item"
"item"
"item"
"item"
"item"
"item"
"item"
"item"
"item"
"item"
"item"
"item"
"item"
"item"
"item"
"item"
"item"
"item"
"item"
"item"
"item"
"item"
"item"
"item"
"item"
"item"
"item"
"item"
"item"
"item"
"item"
"item"
"item"
"item"
"item"
"item"
"item"
"item"
"item"
"item"
"item"
"item"
"item"
"item"
"item"
"item"
"item"
"item"
"item"
"item"
"item"
"item"
"item"
"item"
"item"
"item"
"item"
"item"
"item"
"item"
"item"
"item"
"item"
"item"
"item"
"item"
"item"
"item"
"item"
"item"
"item"
"item"
"item"
"item"
"item"
"item"
"item"
"item"
"item"
"item"
"item"
"item"
"item"
"item"
"item"
"item"
"item"
"item"
"item"
"item"
"item"
"item"
"item"
"item"
"item"
"item"
"item"
"item"
"item"
"item"
"item"
"item"
"item"
"item"
"item"
"item"
"item"
"item"
"item"
"item"
"item"
"item"
"item"
"item"
"item"
"item"
"item"
"item"
"item"
"item"
"item"
"item"
"item"
"item"
"item"
"item"
"item"
"item"
"item"
"item"
"item"
"item"
"item"
"item"
"item"
"item"
"item"
"item"
"item"
"item"
"item"
"item"
"item"
"item"
"item"
"item"
"item"
"item"
"item"
"item"
"item"
"item"
"item"
"item"
"item"
"item"
"item"
"item"
"item"
"item"
"item"
"item"
"item"
"item"
"item"
"item"
"item"
"item"
"item"
"item"
"item"
"item"
"item"
"item"
"item"
"item"
"item"
"item"
"item"
"item"
"item"
"item"
"item"
"item"
"item"
"item"
"item"
"item"
"item"
"item"
"item"
"item"
"item"
"item"
"item"
"item"
"item"
"item"
"item"
"item"
"item"
"item"
"item"
"item"
"item"
"item"
"item"
"item"
"item"
"item"
"item"
"item"
"item"
"item"
"item"
"item"
"item"
"item"
"item"
"item"
"item"
"item"
"item"
"item"
"item"
"item"
"item"
"item"
"item"
"item"
"item"
"item"
"item"
"item"
"item"
"item"
"item"
"item"
"item"
"item"
"item"
"item"
"item"
"item"
"item"
"item"
"item"
"item"
"item"
"item"
"item"
"item"
"item"
"item"
"item"
"item"
"item"
"item"
"item"
"item"
"item"
"item"
"item"
"item"
"item"
"item"
"item"
"item"
"item"
"item"
"item"
"item"
"item"
"item"
"item"
"item"
"item"
"item"
"item"
"item"
"item"
"item"
"item"
"item"
"item"
"item"
"item"
"item"
"item"
"item"
"item"
"item"
"item"
"item"
"item"
"item"
"item"
"item"
"item"
"item"
"item"
"item"
"item"
"item"
"item"
"item"
"item"
"item"
"item"
"item"
"item"
"item"
"item"
"item"
"item"
"item"
"item"
"item"
"item"
"item"
"item"
"item"
"item"
"item"
"item"
"item"
"item"
"item"
"item"
"item"
"item"
"item"
"item"
"item"
"item"
"item"
"item"
"item"
"item"
"item"
"item"
@!@!@STARTMSG 2193:0 @!@!@
Model checking completed. No error has been found.
  Estimates of the probability that TLC did not check all reachable states
  because two distinct states had the same fingerprint:
  calculated (optimistic):  val = 2.0E-12
@!@!@ENDMSG 2193 @!@!@
@!@!@STARTMSG 2201:0 @!@!@
The coverage statistics at 2023-04-03 15:28:24
@!@!@ENDMSG 2201 @!@!@
@!@!@STARTMSG 2773:0 @!@!@
<Init line 51, col 1 to line 51, col 4 of module step5_prodcons>: 1:1
@!@!@ENDMSG 2773 @!@!@
@!@!@STARTMSG 2221:0 @!@!@
  line 52, col 9 to line 58, col 86 of module step5_prodcons: 1
@!@!@ENDMSG 2221 @!@!@
@!@!@STARTMSG 2772:0 @!@!@
<Produce line 60, col 1 to line 60, col 13 of module step5_prodcons>: 508:2744
@!@!@ENDMSG 2772 @!@!@
@!@!@STARTMSG 2221:0 @!@!@
  line 60, col 21 to line 60, col 40 of module step5_prodcons: 9966
@!@!@ENDMSG 2221 @!@!@
@!@!@STARTMSG 2221:0 @!@!@
  |line 60, col 21 to line 60, col 28 of module step5_prodcons: 7222
@!@!@ENDMSG 2221 @!@!@
@!@!@STARTMSG 2221:0 @!@!@
  line 61, col 21 to line 61, col 57 of module step5_prodcons: 2744
@!@!@ENDMSG 2221 @!@!@
@!@!@STARTMSG 2221:0 @!@!@
  line 62, col 21 to line 62, col 54 of module step5_prodcons: 2744
@!@!@ENDMSG 2221 @!@!@
@!@!@STARTMSG 2772:0 @!@!@
<produce line 64, col 1 to line 64, col 13 of module step5_prodcons>: 486:2744
@!@!@ENDMSG 2772 @!@!@
@!@!@STARTMSG 2221:0 @!@!@
  line 64, col 21 to line 64, col 40 of module step5_prodcons: 9966
@!@!@ENDMSG 2221 @!@!@
@!@!@STARTMSG 2221:0 @!@!@
  |line 64, col 21 to line 64, col 28 of module step5_prodcons: 7222
@!@!@ENDMSG 2221 @!@!@
@!@!@STARTMSG 2221:0 @!@!@
  line 65, col 21 to line 65, col 60 of module step5_prodcons: 2744
@!@!@ENDMSG 2221 @!@!@
@!@!@STARTMSG 2221:0 @!@!@
  line 66, col 21 to line 66, col 53 of module step5_prodcons: 2744
@!@!@ENDMSG 2221 @!@!@
@!@!@STARTMSG 2221:0 @!@!@
  line 67, col 21 to line 67, col 47 of module step5_prodcons: 2744
@!@!@ENDMSG 2221 @!@!@
@!@!@STARTMSG 2772:0 @!@!@
<put line 69, col 1 to line 69, col 9 of module step5_prodcons>: 297:1484
@!@!@ENDMSG 2772 @!@!@
@!@!@STARTMSG 2221:0 @!@!@
  line 69, col 17 to line 69, col 32 of module step5_prodcons: 8706
@!@!@ENDMSG 2221 @!@!@
@!@!@STARTMSG 2221:0 @!@!@
  |line 69, col 17 to line 69, col 24 of module step5_prodcons: 7222
@!@!@ENDMSG 2221 @!@!@
@!@!@STARTMSG 2221:0 @!@!@
  line 70, col 17 to line 70, col 41 of module step5_prodcons: 1484
@!@!@ENDMSG 2221 @!@!@
@!@!@STARTMSG 2221:0 @!@!@
  |line 70, col 17 to line 70, col 26 of module step5_prodcons: 1734
@!@!@ENDMSG 2221 @!@!@
@!@!@STARTMSG 2221:0 @!@!@
  |line 70, col 30 to line 70, col 41 of module step5_prodcons: 1734
@!@!@ENDMSG 2221 @!@!@
@!@!@STARTMSG 2221:0 @!@!@
  line 71, col 17 to line 71, col 51 of module step5_prodcons: 1484
@!@!@ENDMSG 2221 @!@!@
@!@!@STARTMSG 2221:0 @!@!@
  line 72, col 17 to line 72, col 53 of module step5_prodcons: 1484
@!@!@ENDMSG 2221 @!@!@
@!@!@STARTMSG 2221:0 @!@!@
  line 73, col 17 to line 73, col 43 of module step5_prodcons: 1484
@!@!@ENDMSG 2221 @!@!@
@!@!@STARTMSG 2772:0 @!@!@
<Consume line 77, col 1 to line 77, col 13 of module step5_prodcons>: 1178:2876
@!@!@ENDMSG 2772 @!@!@
@!@!@STARTMSG 2221:0 @!@!@
  line 77, col 21 to line 77, col 40 of module step5_prodcons: 10098
@!@!@ENDMSG 2221 @!@!@
@!@!@STARTMSG 2221:0 @!@!@
  |line 77, col 21 to line 77, col 28 of module step5_prodcons: 7222
@!@!@ENDMSG 2221 @!@!@
@!@!@STARTMSG 2221:0 @!@!@
  line 78, col 21 to line 78, col 54 of module step5_prodcons: 2876
@!@!@ENDMSG 2221 @!@!@
@!@!@STARTMSG 2221:0 @!@!@
  line 79, col 21 to line 79, col 54 of module step5_prodcons: 2876
@!@!@ENDMSG 2221 @!@!@
@!@!@STARTMSG 2772:0 @!@!@
<take line 81, col 1 to line 81, col 10 of module step5_prodcons>: 610:2504
@!@!@ENDMSG 2772 @!@!@
@!@!@STARTMSG 2221:0 @!@!@
  line 81, col 18 to line 81, col 34 of module step5_prodcons: 9726
@!@!@ENDMSG 2221 @!@!@
@!@!@STARTMSG 2221:0 @!@!@
  |line 81, col 18 to line 81, col 25 of module step5_prodcons: 7222
@!@!@ENDMSG 2221 @!@!@
@!@!@STARTMSG 2221:0 @!@!@
  line 82, col 18 to line 82, col 30 of module step5_prodcons: 5380
@!@!@ENDMSG 2221 @!@!@
@!@!@STARTMSG 2221:0 @!@!@
  |line 82, col 18 to line 82, col 22 of module step5_prodcons: 2876
@!@!@ENDMSG 2221 @!@!@
@!@!@STARTMSG 2221:0 @!@!@
  |line 82, col 27 to line 82, col 30 of module step5_prodcons: 2876
@!@!@ENDMSG 2221 @!@!@
@!@!@STARTMSG 2221:0 @!@!@
  line 83, col 18 to line 83, col 60 of module step5_prodcons: 2504
@!@!@ENDMSG 2221 @!@!@
@!@!@STARTMSG 2221:0 @!@!@
  line 84, col 18 to line 84, col 37 of module step5_prodcons: 2504
@!@!@ENDMSG 2221 @!@!@
@!@!@STARTMSG 2221:0 @!@!@
  line 85, col 18 to line 85, col 54 of module step5_prodcons: 2504
@!@!@ENDMSG 2221 @!@!@
@!@!@STARTMSG 2221:0 @!@!@
  line 86, col 18 to line 86, col 31 of module step5_prodcons: 2504
@!@!@ENDMSG 2221 @!@!@
@!@!@STARTMSG 2772:0 @!@!@
<consume line 88, col 1 to line 88, col 13 of module step5_prodcons>: 531:1470
@!@!@ENDMSG 2772 @!@!@
@!@!@STARTMSG 2221:0 @!@!@
  line 88, col 21 to line 88, col 40 of module step5_prodcons: 8692
@!@!@ENDMSG 2221 @!@!@
@!@!@STARTMSG 2221:0 @!@!@
  |line 88, col 21 to line 88, col 28 of module step5_prodcons: 7222
@!@!@ENDMSG 2221 @!@!@
@!@!@STARTMSG 2221:0 @!@!@
  line 89, col 21 to line 89, col 38 of module step5_prodcons: 1470
@!@!@ENDMSG 2221 @!@!@
@!@!@STARTMSG 2221:0 @!@!@
  line 90, col 21 to line 90, col 57 of module step5_prodcons: 1470
@!@!@ENDMSG 2221 @!@!@
@!@!@STARTMSG 2221:0 @!@!@
  line 91, col 21 to line 91, col 54 of module step5_prodcons: 1470
@!@!@ENDMSG 2221 @!@!@
@!@!@STARTMSG 2774:0 @!@!@
<BoundedQueue line 43, col 1 to line 43, col 12 of module step5_prodcons>
@!@!@ENDMSG 2774 @!@!@
@!@!@STARTMSG 2221:0 @!@!@
  line 43, col 17 to line 43, col 42 of module step5_prodcons: 3611
@!@!@ENDMSG 2221 @!@!@
@!@!@STARTMSG 2202:0 @!@!@
End of statistics.
@!@!@ENDMSG 2202 @!@!@
@!@!@STARTMSG 2200:0 @!@!@
Progress(37) at 2023-04-03 15:28:24: 13.823 states generated (339.631 s/min), 3.611 distinct states found (88.722 ds/min), 0 states left on queue.
@!@!@ENDMSG 2200 @!@!@
@!@!@STARTMSG 2199:0 @!@!@
13823 states generated, 3611 distinct states found, 0 states left on queue.
@!@!@ENDMSG 2199 @!@!@
@!@!@STARTMSG 2194:0 @!@!@
The depth of the complete state graph search is 37.
@!@!@ENDMSG 2194 @!@!@
@!@!@STARTMSG 2268:0 @!@!@
The average outdegree of the complete state graph is 1 (minimum is 0, the maximum 4 and the 95th percentile is 3).
@!@!@ENDMSG 2268 @!@!@
@!@!@STARTMSG 2186:0 @!@!@
Finished in 2468ms at (2023-04-03 15:28:24)
@!@!@ENDMSG 2186 @!@!@
